<?xml version="1.0" encoding="UTF-8" ?>
<testsuite tests="2" failures="0" name="sn.objis.calcul.CalculMetierTest" time="0" errors="0" skipped="0">
  <properties>
    <property name="java.runtime.name" value="Java(TM) SE Runtime Environment"/>
    <property name="sun.boot.library.path" value="C:\DEVELOPPEMENT\SDK\JAVA\JDK\jre\bin"/>
    <property name="java.vm.version" value="25.40-b25"/>
    <property name="java.vm.vendor" value="Oracle Corporation"/>
    <property name="maven.multiModuleProjectDirectory" value="C:\worskpaceMAVEN\Calcul"/>
    <property name="java.vendor.url" value="http://java.oracle.com/"/>
    <property name="path.separator" value=";"/>
    <property name="guice.disable.misplaced.annotation.check" value="true"/>
    <property name="java.vm.name" value="Java HotSpot(TM) 64-Bit Server VM"/>
    <property name="file.encoding.pkg" value="sun.io"/>
    <property name="user.script" value=""/>
    <property name="user.country" value="FR"/>
    <property name="sun.java.launcher" value="SUN_STANDARD"/>
    <property name="sun.os.patch.level" value=""/>
    <property name="java.vm.specification.name" value="Java Virtual Machine Specification"/>
    <property name="user.dir" value="C:\worskpaceMAVEN\Calcul"/>
    <property name="java.runtime.version" value="1.8.0_40-b26"/>
    <property name="java.awt.graphicsenv" value="sun.awt.Win32GraphicsEnvironment"/>
    <property name="java.endorsed.dirs" value="C:\DEVELOPPEMENT\SDK\JAVA\JDK\jre\lib\endorsed"/>
    <property name="os.arch" value="amd64"/>
    <property name="java.io.tmpdir" value="C:\Users\HPF75C~1.ENG\AppData\Local\Temp\"/>
    <property name="line.separator" value="
"/>
    <property name="java.vm.specification.vendor" value="Oracle Corporation"/>
    <property name="user.variant" value=""/>
    <property name="os.name" value="Windows 8.1"/>
    <property name="classworlds.conf" value="C:\DEVELOPPEMENT\OUTILS\apache-maven-3.5.2\bin\..\bin\m2.conf"/>
    <property name="sun.jnu.encoding" value="Cp1252"/>
    <property name="java.library.path" value="C:\DEVELOPPEMENT\SDK\JAVA\JDK\bin;C:\WINDOWS\Sun\Java\bin;C:\WINDOWS\system32;C:\WINDOWS;C:\ProgramData\Oracle\Java\javapath;C:\WINDOWS\system32;C:\WINDOWS;C:\WINDOWS\System32\Wbem;C:\WINDOWS\System32\WindowsPowerShell\v1.0\;C:\Program Files (x86)\ATI Technologies\ATI.ACE\Core-Static;C:\DEVELOPPEMENT\SDK\JAVA\JDK\bin;C:\Program Files (x86)\Skype\Phone\;C:\DEVELOPPEMENT\serveur\svn-win32-1.8.17\bin;C:\Windows\System32\notepad.exe;C:\Program Files\TortoiseSVN\bin;C:\DEVELOPPEMENT\serveur\wildfly-9.0.2.Final\bin;C:\DEVELOPPEMENT\OUTILS\Git\cmd;C:\DEVELOPPEMENT\OUTILS\apache-maven-3.5.2\bin;C:\Users\HP.ENGAID-SO\AppData\Local\Microsoft\WindowsApps;C:\wamp\bin\mysql\mysql5.6.12\bin;C:\Users\HP.ENGAID-SO\AppData\Roaming\npm;;."/>
    <property name="maven.conf" value="C:\DEVELOPPEMENT\OUTILS\apache-maven-3.5.2\bin\../conf"/>
    <property name="java.specification.name" value="Java Platform API Specification"/>
    <property name="java.class.version" value="52.0"/>
    <property name="sun.management.compiler" value="HotSpot 64-Bit Tiered Compilers"/>
    <property name="os.version" value="6.3"/>
    <property name="library.jansi.path" value="C:\DEVELOPPEMENT\OUTILS\apache-maven-3.5.2\bin\..\lib\jansi-native"/>
    <property name="user.home" value="C:\Users\HP.ENGAID-SO"/>
    <property name="user.timezone" value="UTC"/>
    <property name="java.awt.printerjob" value="sun.awt.windows.WPrinterJob"/>
    <property name="java.specification.version" value="1.8"/>
    <property name="file.encoding" value="Cp1252"/>
    <property name="user.name" value="HP"/>
    <property name="java.class.path" value="C:\DEVELOPPEMENT\OUTILS\apache-maven-3.5.2\bin\..\boot\plexus-classworlds-2.5.2.jar"/>
    <property name="java.vm.specification.version" value="1.8"/>
    <property name="sun.arch.data.model" value="64"/>
    <property name="java.home" value="C:\DEVELOPPEMENT\SDK\JAVA\JDK\jre"/>
    <property name="sun.java.command" value="org.codehaus.plexus.classworlds.launcher.Launcher install"/>
    <property name="java.specification.vendor" value="Oracle Corporation"/>
    <property name="user.language" value="fr"/>
    <property name="awt.toolkit" value="sun.awt.windows.WToolkit"/>
    <property name="java.vm.info" value="mixed mode"/>
    <property name="java.version" value="1.8.0_40"/>
    <property name="java.ext.dirs" value="C:\DEVELOPPEMENT\SDK\JAVA\JDK\jre\lib\ext;C:\WINDOWS\Sun\Java\lib\ext"/>
    <property name="sun.boot.class.path" value="C:\DEVELOPPEMENT\SDK\JAVA\JDK\jre\lib\resources.jar;C:\DEVELOPPEMENT\SDK\JAVA\JDK\jre\lib\rt.jar;C:\DEVELOPPEMENT\SDK\JAVA\JDK\jre\lib\sunrsasign.jar;C:\DEVELOPPEMENT\SDK\JAVA\JDK\jre\lib\jsse.jar;C:\DEVELOPPEMENT\SDK\JAVA\JDK\jre\lib\jce.jar;C:\DEVELOPPEMENT\SDK\JAVA\JDK\jre\lib\charsets.jar;C:\DEVELOPPEMENT\SDK\JAVA\JDK\jre\lib\jfr.jar;C:\DEVELOPPEMENT\SDK\JAVA\JDK\jre\classes"/>
    <property name="sun.stderr.encoding" value="cp850"/>
    <property name="java.vendor" value="Oracle Corporation"/>
    <property name="maven.home" value="C:\DEVELOPPEMENT\OUTILS\apache-maven-3.5.2\bin\.."/>
    <property name="file.separator" value="\"/>
    <property name="java.vendor.url.bug" value="http://bugreport.sun.com/bugreport/"/>
    <property name="sun.cpu.endian" value="little"/>
    <property name="sun.io.unicode.encoding" value="UnicodeLittle"/>
    <property name="sun.stdout.encoding" value="cp850"/>
    <property name="sun.desktop" value="windows"/>
    <property name="sun.cpu.isalist" value="amd64"/>
  </properties>
  <testcase classname="sn.objis.calcul.CalculMetierTest" name="testSomme" time="0"/>
  <testcase classname="sn.objis.calcul.CalculMetierTest" name="testProduit" time="0"/>
</testsuite>